<?xml version="1.0" encoding="UTF-8"?>
<!-- Generated by org.testng.reporters.JUnitReportReporter -->
<testsuite hostname="Abinaya" failures="0" tests="2" name="cucumber.TestRunner" time="40.058" errors="0" timestamp="2022-12-18T19:53:32 CET" skipped="0">
  <testcase classname="cucumber.TestRunner" name="runScenario" time="27.637"/>
  <system-out/>
  <testcase classname="cucumber.TestRunner" name="runScenario" time="12.421"/>
  <system-out/>
</testsuite> <!-- cucumber.TestRunner -->
